TN:verilator_coverage
SF:/home/kurumi/env-xs-ov-00-bpu/out/picker_out_RAS/RAS.v
DA:59,4696
DA:60,34
DA:61,39
DA:62,38
DA:63,36
DA:64,39
DA:65,40
DA:66,1
DA:67,1
DA:68,1
DA:69,1
DA:70,37
DA:71,39
DA:72,38
DA:73,2
DA:74,4
DA:75,38
DA:76,1
DA:77,2
DA:78,1
DA:79,2
DA:80,1
DA:81,0
DA:82,36
DA:83,49
DA:84,45
DA:85,6
DA:86,7
DA:87,33
DA:88,0
DA:89,1
DA:90,1
DA:91,781
DA:92,1
DA:93,780
DA:94,46
DA:95,41
DA:96,41
DA:97,5
DA:98,7
DA:99,1987
DA:100,2
DA:101,610
DA:102,172
DA:103,1
DA:104,1
DA:105,782
DA:106,2
DA:107,1
DA:108,1
DA:109,1
DA:110,42
DA:111,42
DA:112,45
DA:113,8
DA:114,3
DA:115,37
DA:116,2
DA:117,2
DA:118,1
DA:119,2
DA:120,2
DA:121,2
DA:122,1
DA:123,41
DA:124,42
DA:125,43
DA:126,33
DA:127,1
DA:128,2
DA:129,2
DA:130,1
DA:131,1
DA:132,1
DA:133,0
DA:134,32
DA:135,37
DA:136,38
DA:137,37
DA:138,2
DA:139,2
DA:140,1
DA:141,2
DA:142,778
DA:143,2
DA:144,782
DA:145,45
DA:146,47
DA:147,41
DA:148,1988
DA:149,2
DA:150,2
DA:151,611
DA:152,172
DA:153,1
DA:154,781
DA:155,2
DA:156,2
DA:157,1
DA:158,1
DA:159,51
DA:160,39
DA:161,39
DA:162,6
DA:163,3
DA:164,39
DA:165,1
DA:166,2
DA:167,1
DA:168,2
DA:169,4
DA:170,13
DA:171,2
DA:172,0
DA:173,0
DA:174,5
DA:175,15
DA:176,2
DA:177,1
DA:178,0
DA:179,1
DA:180,2
DA:181,1
DA:182,1
DA:183,0
DA:184,0
DA:185,1
DA:186,1
DA:187,16
DA:188,20
DA:189,44
DA:190,39
DA:191,1
DA:192,2
DA:193,2
DA:194,1
DA:195,40
DA:196,39
DA:197,5
DA:198,5
DA:199,44
DA:200,0
DA:201,2
DA:202,0
DA:203,1
DA:204,1
DA:205,1
DA:206,40
DA:207,39
DA:208,5
DA:209,5
DA:210,37
DA:211,1
DA:212,1
DA:213,0
DA:214,782
DA:215,0
DA:216,780
DA:217,48
DA:218,40
DA:219,5
DA:220,3
DA:221,1982
DA:222,1
DA:223,781
DA:224,1
DA:225,1
DA:226,1
DA:227,0
DA:228,45
DA:229,50
DA:230,5
DA:231,4
DA:232,37
DA:233,1
DA:234,1
DA:235,0
DA:236,19
DA:237,40
DA:238,39
DA:239,20
DA:240,2
DA:241,1
DA:242,2
DA:243,0
DA:244,41
DA:245,50
DA:246,41
DA:247,2
DA:248,2
DA:249,1
DA:250,0
DA:251,1
DA:252,1
DA:253,0
DA:254,31
DA:255,41
DA:256,41
DA:257,2
DA:258,1
DA:259,0
DA:260,1
DA:261,777
DA:262,2
DA:263,781
DA:264,42
DA:265,41
DA:266,1983
DA:267,1
DA:268,0
DA:269,781
DA:270,2
DA:271,2
DA:272,0
DA:273,1
DA:274,47
DA:275,34
DA:276,5
DA:277,3
DA:278,43
DA:279,1
DA:280,1
DA:281,1
DA:282,3141
DA:283,729
DA:284,16
DA:285,13
DA:286,602
DA:287,34
DA:288,780
DA:289,44
DA:290,827
DA:291,740
DA:292,2
DA:293,6
DA:294,15
DA:295,3
DA:296,1
DA:297,0
DA:298,3
DA:299,17
DA:300,2
DA:301,0
DA:302,0
DA:303,2
DA:304,2
DA:305,1
DA:306,1
DA:307,0
DA:308,0
DA:309,2
DA:310,1
DA:311,1
DA:312,2
DA:313,1
DA:314,0
DA:315,2
DA:316,0
DA:317,0
DA:318,2
DA:319,2
DA:320,1
DA:321,1
DA:322,232
DA:323,0
DA:324,401
DA:325,1
DA:326,227
DA:327,230
DA:328,228
DA:329,148
DA:330,80
DA:331,227
DA:332,230
DA:333,226
DA:334,1016
DA:335,6
DA:336,1
DA:337,75
DA:338,0
DA:339,4
DA:340,3
DA:341,11
DA:342,3
DA:343,2
DA:344,13
DA:345,1
DA:346,7
DA:347,4
DA:348,23
DA:361,89
DA:362,93
DA:363,85
DA:364,96
DA:365,18
DA:366,24
DA:367,47
DA:368,41
DA:369,23
DA:370,40
DA:371,44
DA:372,23
DA:373,36
DA:374,36
DA:384,610
DA:391,171
DA:399,729
DA:400,1976
DA:402,611
DA:403,171
DA:410,611
DA:417,170
DA:424,729
DA:425,20
DA:426,13
DA:427,605
DA:428,33
DA:429,778
DA:430,44
DA:431,827
DA:432,6
DA:433,1
DA:434,62
DA:435,1
DA:436,3
DA:437,2
DA:438,7
DA:439,2
DA:440,0
DA:441,10
DA:442,2
DA:443,7
DA:444,3
DA:445,9
DA:449,4696
DA:450,38
DA:451,19
DA:452,19
DA:453,19
DA:454,19
DA:456,2329
DA:457,0
DA:458,0
DA:459,0
DA:460,0
DA:461,0
DA:462,0
DA:463,0
DA:464,0
DA:466,0
DA:467,0
DA:468,0
DA:469,0
DA:470,2
DA:471,1
DA:472,2
DA:473,1
DA:474,0
DA:475,0
DA:476,2
DA:477,1
DA:478,122
DA:479,2226
DA:480,2226
DA:481,2226
DA:482,2226
DA:483,2226
DA:484,2226
DA:485,2226
DA:486,2226
DA:487,2226
DA:488,2226
DA:489,2226
DA:490,2226
DA:491,2226
DA:493,0
DA:494,0
DA:495,2348
DA:496,2348
DA:497,6
DA:498,3
DA:499,3
DA:500,3
DA:501,3
DA:502,3
DA:503,3
DA:504,3
DA:505,3
DA:506,3
DA:507,3
DA:508,3
DA:509,3
DA:510,3
DA:513,4730
DA:514,68
DA:515,34
DA:516,12
DA:517,6
DA:524,2
DA:573,0
DA:574,0
end_of_record
SF:/home/kurumi/env-xs-ov-00-bpu/out/picker_out_RAS/RAS_top.sv
DA:3,4696
DA:4,34
DA:5,39
DA:6,38
DA:7,36
DA:8,39
DA:9,40
DA:10,1
DA:11,1
DA:12,1
DA:13,1
DA:14,37
DA:15,39
DA:16,38
DA:17,2
DA:18,4
DA:19,38
DA:20,1
DA:21,2
DA:22,1
DA:23,2
DA:24,1
DA:25,0
DA:26,36
DA:27,49
DA:28,45
DA:29,6
DA:30,7
DA:31,33
DA:32,0
DA:33,1
DA:34,1
DA:35,781
DA:36,1
DA:37,780
DA:38,46
DA:39,41
DA:40,41
DA:41,5
DA:42,7
DA:43,1987
DA:44,2
DA:45,610
DA:46,172
DA:47,1
DA:48,1
DA:49,782
DA:50,2
DA:51,1
DA:52,1
DA:53,1
DA:54,42
DA:55,42
DA:56,45
DA:57,8
DA:58,3
DA:59,37
DA:60,2
DA:61,2
DA:62,1
DA:63,2
DA:64,2
DA:65,2
DA:66,1
DA:67,41
DA:68,42
DA:69,43
DA:70,33
DA:71,1
DA:72,2
DA:73,2
DA:74,1
DA:75,1
DA:76,1
DA:77,0
DA:78,32
DA:79,37
DA:80,38
DA:81,37
DA:82,2
DA:83,2
DA:84,1
DA:85,2
DA:86,778
DA:87,2
DA:88,782
DA:89,45
DA:90,47
DA:91,41
DA:92,1988
DA:93,2
DA:94,2
DA:95,611
DA:96,172
DA:97,1
DA:98,781
DA:99,2
DA:100,2
DA:101,1
DA:102,1
DA:103,51
DA:104,39
DA:105,39
DA:106,6
DA:107,3
DA:108,39
DA:109,1
DA:110,2
DA:111,1
DA:112,2
DA:113,4
DA:114,13
DA:115,2
DA:116,0
DA:117,0
DA:118,5
DA:119,15
DA:120,2
DA:121,1
DA:122,0
DA:123,1
DA:124,2
DA:125,1
DA:126,1
DA:127,0
DA:128,0
DA:129,1
DA:130,1
DA:131,16
DA:132,20
DA:133,44
DA:134,39
DA:135,1
DA:136,2
DA:137,2
DA:138,1
DA:139,40
DA:140,39
DA:141,5
DA:142,5
DA:143,44
DA:144,0
DA:145,2
DA:146,0
DA:147,1
DA:148,1
DA:149,1
DA:150,40
DA:151,39
DA:152,5
DA:153,5
DA:154,37
DA:155,1
DA:156,1
DA:157,0
DA:158,782
DA:159,0
DA:160,780
DA:161,48
DA:162,40
DA:163,5
DA:164,3
DA:165,1982
DA:166,1
DA:167,781
DA:168,1
DA:169,1
DA:170,1
DA:171,0
DA:172,45
DA:173,50
DA:174,5
DA:175,4
DA:176,37
DA:177,1
DA:178,1
DA:179,0
DA:180,19
DA:181,40
DA:182,39
DA:183,20
DA:184,2
DA:185,1
DA:186,2
DA:187,0
DA:188,41
DA:189,50
DA:190,41
DA:191,2
DA:192,2
DA:193,1
DA:194,0
DA:195,1
DA:196,1
DA:197,0
DA:198,31
DA:199,41
DA:200,41
DA:201,2
DA:202,1
DA:203,0
DA:204,1
DA:205,777
DA:206,2
DA:207,781
DA:208,42
DA:209,41
DA:210,1983
DA:211,1
DA:212,0
DA:213,781
DA:214,2
DA:215,2
DA:216,0
DA:217,1
DA:218,47
DA:219,34
DA:220,5
DA:221,3
DA:222,43
DA:223,1
DA:224,1
DA:225,1
DA:226,3141
DA:227,729
DA:228,16
DA:229,13
DA:230,602
DA:231,34
DA:232,780
DA:233,44
DA:234,827
DA:235,740
DA:236,2
DA:237,6
DA:238,15
DA:239,3
DA:240,1
DA:241,0
DA:242,3
DA:243,17
DA:244,2
DA:245,0
DA:246,0
DA:247,2
DA:248,2
DA:249,1
DA:250,1
DA:251,0
DA:252,0
DA:253,2
DA:254,1
DA:255,1
DA:256,2
DA:257,1
DA:258,0
DA:259,2
DA:260,0
DA:261,0
DA:262,2
DA:263,2
DA:264,1
DA:265,1
DA:266,232
DA:267,0
DA:268,401
DA:269,1
DA:270,227
DA:271,230
DA:272,228
DA:273,148
DA:274,80
DA:275,227
DA:276,230
DA:277,226
DA:278,1016
DA:279,6
DA:280,1
DA:281,75
DA:282,0
DA:283,4
DA:284,3
DA:285,11
DA:286,3
DA:287,2
DA:288,13
DA:289,1
DA:290,7
DA:291,4
DA:292,23
DA:1261,0
DA:1263,0
DA:1266,9392
DA:1268,4696
DA:1271,4696
DA:1273,2348
DA:1276,70
DA:1278,35
DA:1281,4696
DA:1283,2348
DA:1286,2
DA:1288,1
DA:1291,4696
DA:1293,2348
DA:1296,2
DA:1298,1
DA:1301,4696
DA:1303,2348
DA:1306,2
DA:1308,1
DA:1311,4696
DA:1313,2348
DA:1316,2
DA:1318,1
DA:1321,4696
DA:1323,2348
DA:1326,2
DA:1328,1
DA:1331,4696
DA:1333,2348
DA:1336,2
DA:1338,1
DA:1341,4696
DA:1343,2348
DA:1346,2
DA:1348,1
DA:1351,4696
DA:1353,2348
DA:1356,2
DA:1358,1
DA:1361,4696
DA:1363,2348
DA:1366,2
DA:1368,1
DA:1371,4696
DA:1373,2348
DA:1376,2
DA:1378,1
DA:1381,4696
DA:1383,2348
DA:1386,2
DA:1388,1
DA:1391,4696
DA:1393,2348
DA:1396,2
DA:1398,1
DA:1401,4696
DA:1403,2348
DA:1406,2
DA:1408,1
DA:1411,4696
DA:1413,2348
DA:1416,2
DA:1418,1
DA:1421,4696
DA:1423,2348
DA:1426,2
DA:1428,1
DA:1431,4696
DA:1433,2348
DA:1436,2
DA:1438,1
DA:1441,4696
DA:1443,2348
DA:1446,2
DA:1448,1
DA:1451,4696
DA:1453,2348
DA:1456,2
DA:1458,1
DA:1461,4696
DA:1463,2348
DA:1466,2
DA:1468,1
DA:1471,4696
DA:1473,2348
DA:1476,2
DA:1478,1
DA:1481,4696
DA:1483,2348
DA:1486,2
DA:1488,1
DA:1491,4696
DA:1493,2348
DA:1496,2
DA:1498,1
DA:1501,4696
DA:1503,2348
DA:1506,2
DA:1508,1
DA:1511,4696
DA:1513,2348
DA:1516,2
DA:1518,1
DA:1521,4696
DA:1523,2348
DA:1526,2
DA:1528,1
DA:1531,4696
DA:1533,2348
DA:1536,2
DA:1538,1
DA:1541,4696
DA:1543,2348
DA:1546,2
DA:1548,1
DA:1551,4696
DA:1553,2348
DA:1556,2
DA:1558,1
DA:1561,4696
DA:1563,2348
DA:1566,2
DA:1568,1
DA:1571,4696
DA:1573,2348
DA:1576,2
DA:1578,1
DA:1581,4696
DA:1583,2348
DA:1586,1562
DA:1588,781
DA:1591,4696
DA:1593,2348
DA:1596,2
DA:1598,1
DA:1601,4696
DA:1603,2348
DA:1606,1562
DA:1608,781
DA:1611,4696
DA:1613,2348
DA:1616,2
DA:1618,1
DA:1621,4696
DA:1623,2348
DA:1626,2
DA:1628,1
DA:1631,4696
DA:1633,2348
DA:1636,2
DA:1638,1
DA:1641,4696
DA:1643,2348
DA:1646,2
DA:1648,1
DA:1651,4696
DA:1653,2348
DA:1656,2
DA:1658,1
DA:1661,4696
DA:1663,2348
DA:1666,1222
DA:1668,611
DA:1671,4696
DA:1673,2348
DA:1676,2
DA:1678,1
DA:1681,4696
DA:1683,2348
DA:1686,1222
DA:1688,611
DA:1691,4696
DA:1693,2348
DA:1696,342
DA:1698,171
DA:1701,4696
DA:1703,2348
DA:1706,2
DA:1708,1
DA:1711,4696
DA:1713,2348
DA:1716,2
DA:1718,1
DA:1721,4696
DA:1723,2348
DA:1726,1562
DA:1728,781
DA:1731,4696
DA:1733,2348
DA:1736,2
DA:1738,1
DA:1741,4696
DA:1743,2348
DA:1746,2
DA:1748,1
DA:1751,4696
DA:1753,2348
DA:1756,2
DA:1758,1
DA:1761,4696
DA:1763,2348
DA:1766,2
DA:1768,1
DA:1771,4696
DA:1773,2348
DA:1776,2
DA:1778,1
DA:1781,4696
DA:1783,2348
DA:1786,2
DA:1788,1
DA:1791,4696
DA:1793,2348
DA:1796,2
DA:1798,1
DA:1801,4696
DA:1803,2348
DA:1806,2
DA:1808,1
DA:1811,4696
DA:1813,2348
DA:1816,2
DA:1818,1
DA:1821,4696
DA:1823,2348
DA:1826,2
DA:1828,1
DA:1831,4696
DA:1833,2348
DA:1836,2
DA:1838,1
DA:1841,4696
DA:1843,2348
DA:1846,2
DA:1848,1
DA:1851,4696
DA:1853,2348
DA:1856,2
DA:1858,1
DA:1861,4696
DA:1863,2348
DA:1866,2
DA:1868,1
DA:1871,4696
DA:1873,2348
DA:1876,2
DA:1878,1
DA:1881,4696
DA:1883,2348
DA:1886,2
DA:1888,1
DA:1891,4696
DA:1893,2348
DA:1896,2
DA:1898,1
DA:1901,4696
DA:1903,2348
DA:1906,2
DA:1908,1
DA:1911,4696
DA:1913,2348
DA:1916,2
DA:1918,1
DA:1921,4696
DA:1923,2348
DA:1926,2
DA:1928,1
DA:1931,4696
DA:1933,2348
DA:1936,2
DA:1938,1
DA:1941,4696
DA:1943,2348
DA:1946,2
DA:1948,1
DA:1951,4696
DA:1953,2348
DA:1956,2
DA:1958,1
DA:1961,4696
DA:1963,2348
DA:1966,2
DA:1968,1
DA:1971,4696
DA:1973,2348
DA:1976,2
DA:1978,1
DA:1981,4696
DA:1983,2348
DA:1986,2
DA:1988,1
DA:1991,4696
DA:1993,2348
DA:1996,2
DA:1998,1
DA:2001,4696
DA:2003,2348
DA:2006,2
DA:2008,1
DA:2011,4696
DA:2013,2348
DA:2016,2
DA:2018,1
DA:2021,4696
DA:2023,2348
DA:2026,2
DA:2028,1
DA:2031,4696
DA:2033,2348
DA:2036,2
DA:2038,1
DA:2041,4696
DA:2043,2348
DA:2046,2
DA:2048,1
DA:2051,4696
DA:2053,2348
DA:2056,2
DA:2058,1
DA:2061,4696
DA:2063,2348
DA:2066,2
DA:2068,1
DA:2071,4696
DA:2073,2348
DA:2076,2
DA:2078,1
DA:2081,4696
DA:2083,2348
DA:2086,2
DA:2088,1
DA:2091,4696
DA:2093,2348
DA:2096,1554
DA:2098,777
DA:2101,4696
DA:2103,2348
DA:2106,2
DA:2108,1
DA:2111,4696
DA:2113,2348
DA:2116,1562
DA:2118,781
DA:2121,4696
DA:2123,2348
DA:2126,2
DA:2128,1
DA:2131,4696
DA:2133,2348
DA:2136,2
DA:2138,1
DA:2141,4696
DA:2143,2348
DA:2146,2
DA:2148,1
DA:2151,4696
DA:2153,2348
DA:2156,1222
DA:2158,611
DA:2161,4696
DA:2163,2348
DA:2166,2
DA:2168,1
DA:2171,4696
DA:2173,2348
DA:2176,2
DA:2178,1
DA:2181,4696
DA:2183,2348
DA:2186,1222
DA:2188,611
DA:2191,4696
DA:2193,2348
DA:2196,342
DA:2198,171
DA:2201,4696
DA:2203,2348
DA:2206,2
DA:2208,1
DA:2211,4696
DA:2213,2348
DA:2216,1562
DA:2218,781
DA:2221,4696
DA:2223,2348
DA:2226,2
DA:2228,1
DA:2231,4696
DA:2233,2348
DA:2236,2
DA:2238,1
DA:2241,4696
DA:2243,2348
DA:2246,2
DA:2248,1
DA:2251,4696
DA:2253,2348
DA:2256,2
DA:2258,1
DA:2261,4696
DA:2263,2348
DA:2266,2
DA:2268,1
DA:2271,4696
DA:2273,2348
DA:2276,2
DA:2278,1
DA:2281,4696
DA:2283,2348
DA:2286,2
DA:2288,1
DA:2291,4696
DA:2293,2348
DA:2296,2
DA:2298,1
DA:2301,4696
DA:2303,2348
DA:2306,2
DA:2308,1
DA:2311,4696
DA:2313,2348
DA:2316,2
DA:2318,1
DA:2321,4696
DA:2323,2348
DA:2326,2
DA:2328,1
DA:2331,4696
DA:2333,2348
DA:2336,2
DA:2338,1
DA:2341,4696
DA:2343,2348
DA:2346,2
DA:2348,1
DA:2351,4696
DA:2353,2348
DA:2356,2
DA:2358,1
DA:2361,4696
DA:2363,2348
DA:2366,2
DA:2368,1
DA:2371,4696
DA:2373,2348
DA:2376,2
DA:2378,1
DA:2381,4696
DA:2383,2348
DA:2386,2
DA:2388,1
DA:2391,4696
DA:2393,2348
DA:2396,2
DA:2398,1
DA:2401,4696
DA:2403,2348
DA:2406,2
DA:2408,1
DA:2411,4696
DA:2413,2348
DA:2416,2
DA:2418,1
DA:2421,4696
DA:2423,2348
DA:2426,2
DA:2428,1
DA:2431,4696
DA:2433,2348
DA:2436,2
DA:2438,1
DA:2441,4696
DA:2443,2348
DA:2446,2
DA:2448,1
DA:2451,4696
DA:2453,2348
DA:2456,2
DA:2458,1
DA:2461,4696
DA:2463,2348
DA:2466,2
DA:2468,1
DA:2471,4696
DA:2473,2348
DA:2476,2
DA:2478,1
DA:2481,4696
DA:2483,2348
DA:2486,2
DA:2488,1
DA:2491,4696
DA:2493,2348
DA:2496,2
DA:2498,1
DA:2501,4696
DA:2503,2348
DA:2506,2
DA:2508,1
DA:2511,4696
DA:2513,2348
DA:2516,2
DA:2518,1
DA:2521,4696
DA:2523,2348
DA:2526,2
DA:2528,1
DA:2531,4696
DA:2533,2348
DA:2536,2
DA:2538,1
DA:2541,9394
DA:2543,4697
DA:2546,0
DA:2548,0
DA:2551,9394
DA:2553,4697
DA:2556,0
DA:2558,0
DA:2561,9394
DA:2563,4697
DA:2566,0
DA:2568,0
DA:2571,9394
DA:2573,4697
DA:2576,0
DA:2578,0
DA:2581,9394
DA:2583,4697
DA:2586,0
DA:2588,0
DA:2591,9394
DA:2593,4697
DA:2596,0
DA:2598,0
DA:2601,9394
DA:2603,4697
DA:2606,0
DA:2608,0
DA:2611,9394
DA:2613,4697
DA:2616,0
DA:2618,0
DA:2621,9394
DA:2623,4697
DA:2626,0
DA:2628,0
DA:2631,9394
DA:2633,4697
DA:2636,0
DA:2638,0
DA:2641,9394
DA:2643,4697
DA:2646,0
DA:2648,0
DA:2651,9394
DA:2653,4697
DA:2656,0
DA:2658,0
DA:2661,9394
DA:2663,4697
DA:2666,0
DA:2668,0
DA:2671,9394
DA:2673,4697
DA:2676,0
DA:2678,0
DA:2681,9394
DA:2683,4697
DA:2686,0
DA:2688,0
DA:2691,9394
DA:2693,4697
DA:2696,0
DA:2698,0
DA:2701,9394
DA:2703,4697
DA:2706,0
DA:2708,0
DA:2711,9394
DA:2713,4697
DA:2716,0
DA:2718,0
DA:2721,9394
DA:2723,4697
DA:2726,0
DA:2728,0
DA:2731,9394
DA:2733,4697
DA:2736,0
DA:2738,0
DA:2741,9394
DA:2743,4697
DA:2746,0
DA:2748,0
DA:2751,9394
DA:2753,4697
DA:2756,0
DA:2758,0
DA:2761,9394
DA:2763,4697
DA:2766,0
DA:2768,0
DA:2771,9394
DA:2773,4697
DA:2776,0
DA:2778,0
DA:2781,9394
DA:2783,4697
DA:2786,0
DA:2788,0
DA:2791,9394
DA:2793,4697
DA:2796,0
DA:2798,0
DA:2801,9394
DA:2803,4697
DA:2806,0
DA:2808,0
DA:2811,9394
DA:2813,4697
DA:2816,0
DA:2818,0
DA:2821,9394
DA:2823,4697
DA:2826,0
DA:2828,0
DA:2831,9394
DA:2833,4697
DA:2836,0
DA:2838,0
DA:2841,9394
DA:2843,4697
DA:2846,0
DA:2848,0
DA:2851,9394
DA:2853,4697
DA:2856,0
DA:2858,0
DA:2861,9394
DA:2863,4697
DA:2866,0
DA:2868,0
DA:2871,9394
DA:2873,4697
DA:2876,0
DA:2878,0
DA:2881,9394
DA:2883,4697
DA:2886,0
DA:2888,0
DA:2891,9394
DA:2893,4697
DA:2896,0
DA:2898,0
DA:2901,9394
DA:2903,4697
DA:2906,0
DA:2908,0
DA:2911,9394
DA:2913,4697
DA:2916,0
DA:2918,0
DA:2921,9394
DA:2923,4697
DA:2926,0
DA:2928,0
DA:2931,9394
DA:2933,4697
DA:2936,0
DA:2938,0
DA:2941,9394
DA:2943,4697
DA:2946,0
DA:2948,0
DA:2951,9394
DA:2953,4697
DA:2956,0
DA:2958,0
DA:2961,9394
DA:2963,4697
DA:2966,0
DA:2968,0
DA:2971,9394
DA:2973,4697
DA:2976,0
DA:2978,0
DA:2981,9394
DA:2983,4697
DA:2986,0
DA:2988,0
DA:2991,9394
DA:2993,4697
DA:2996,0
DA:2998,0
DA:3001,9394
DA:3003,4697
DA:3006,0
DA:3008,0
DA:3011,9394
DA:3013,4697
DA:3016,0
DA:3018,0
DA:3021,9394
DA:3023,4697
DA:3026,0
DA:3028,0
DA:3031,9394
DA:3033,4697
DA:3036,0
DA:3038,0
DA:3041,9394
DA:3043,4697
DA:3046,0
DA:3048,0
DA:3051,9394
DA:3053,4697
DA:3056,0
DA:3058,0
DA:3061,9394
DA:3063,4697
DA:3066,0
DA:3068,0
DA:3071,9394
DA:3073,4697
DA:3076,0
DA:3078,0
DA:3081,9394
DA:3083,4697
DA:3086,0
DA:3088,0
DA:3091,9394
DA:3093,4697
DA:3096,0
DA:3098,0
DA:3101,9394
DA:3103,4697
DA:3106,0
DA:3108,0
DA:3111,9394
DA:3113,4697
DA:3116,0
DA:3118,0
DA:3121,9394
DA:3123,4697
DA:3126,0
DA:3128,0
DA:3131,9394
DA:3133,4697
DA:3136,0
DA:3138,0
DA:3141,9394
DA:3143,4697
DA:3146,0
DA:3148,0
DA:3151,9394
DA:3153,4697
DA:3156,0
DA:3158,0
DA:3161,9394
DA:3163,4697
DA:3166,0
DA:3168,0
DA:3171,9394
DA:3173,4697
DA:3176,0
DA:3178,0
DA:3181,9394
DA:3183,4697
DA:3186,0
DA:3188,0
DA:3191,9394
DA:3193,4697
DA:3196,0
DA:3198,0
DA:3201,9394
DA:3203,4697
DA:3206,0
DA:3208,0
DA:3211,9394
DA:3213,4697
DA:3216,0
DA:3218,0
DA:3221,9394
DA:3223,4697
DA:3226,0
DA:3228,0
DA:3231,9394
DA:3233,4697
DA:3236,0
DA:3238,0
DA:3241,9394
DA:3243,4697
DA:3246,0
DA:3248,0
DA:3251,9394
DA:3253,4697
DA:3256,0
DA:3258,0
DA:3261,9394
DA:3263,4697
DA:3266,0
DA:3268,0
DA:3271,9394
DA:3273,4697
DA:3276,0
DA:3278,0
DA:3281,9394
DA:3283,4697
DA:3286,0
DA:3288,0
DA:3291,9394
DA:3293,4697
DA:3296,0
DA:3298,0
DA:3301,9394
DA:3303,4697
DA:3306,0
DA:3308,0
DA:3311,9394
DA:3313,4697
DA:3316,0
DA:3318,0
DA:3321,9394
DA:3323,4697
DA:3326,0
DA:3328,0
DA:3331,9394
DA:3333,4697
DA:3336,0
DA:3338,0
DA:3341,9394
DA:3343,4697
DA:3346,0
DA:3348,0
DA:3351,9394
DA:3353,4697
DA:3356,0
DA:3358,0
DA:3361,9394
DA:3363,4697
DA:3366,0
DA:3368,0
DA:3371,9394
DA:3373,4697
DA:3376,0
DA:3378,0
DA:3381,9394
DA:3383,4697
DA:3386,0
DA:3388,0
DA:3391,9394
DA:3393,4697
DA:3396,0
DA:3398,0
DA:3401,9394
DA:3403,4697
DA:3406,0
DA:3408,0
DA:3411,9394
DA:3413,4697
DA:3416,0
DA:3418,0
DA:3421,9394
DA:3423,4697
DA:3426,0
DA:3428,0
DA:3431,9394
DA:3433,4697
DA:3436,0
DA:3438,0
DA:3441,9394
DA:3443,4697
DA:3446,0
DA:3448,0
DA:3451,9394
DA:3453,4697
DA:3456,0
DA:3458,0
DA:3461,9394
DA:3463,4697
DA:3466,0
DA:3468,0
DA:3471,9394
DA:3473,4697
DA:3476,0
DA:3478,0
DA:3481,9394
DA:3483,4697
DA:3486,0
DA:3488,0
DA:3491,9394
DA:3493,4697
DA:3496,0
DA:3498,0
DA:3501,10592
DA:3503,5296
DA:3506,0
DA:3508,0
DA:3511,10592
DA:3513,5296
DA:3516,0
DA:3518,0
DA:3521,10592
DA:3523,5296
DA:3526,0
DA:3528,0
DA:3531,10592
DA:3533,5296
DA:3536,0
DA:3538,0
DA:3541,10592
DA:3543,5296
DA:3546,0
DA:3548,0
DA:3551,10592
DA:3553,5296
DA:3556,0
DA:3558,0
DA:3561,10592
DA:3563,5296
DA:3566,0
DA:3568,0
DA:3571,10592
DA:3573,5296
DA:3576,0
DA:3578,0
DA:3581,10764
DA:3583,5382
DA:3586,0
DA:3588,0
DA:3591,9394
DA:3593,4697
DA:3596,0
DA:3598,0
DA:3601,9394
DA:3603,4697
DA:3606,0
DA:3608,0
DA:3611,9394
DA:3613,4697
DA:3616,0
DA:3618,0
DA:3621,9394
DA:3623,4697
DA:3626,0
DA:3628,0
DA:3631,9394
DA:3633,4697
DA:3636,0
DA:3638,0
DA:3641,9394
DA:3643,4697
DA:3646,0
DA:3648,0
DA:3651,9394
DA:3653,4697
DA:3656,0
DA:3658,0
DA:3661,9394
DA:3663,4697
DA:3666,0
DA:3668,0
DA:3671,9394
DA:3673,4697
DA:3676,0
DA:3678,0
DA:3681,9394
DA:3683,4697
DA:3686,0
DA:3688,0
DA:3691,9394
DA:3693,4697
DA:3696,0
DA:3698,0
DA:3701,9394
DA:3703,4697
DA:3706,0
DA:3708,0
DA:3711,9394
DA:3713,4697
DA:3716,0
DA:3718,0
DA:3721,9394
DA:3723,4697
DA:3726,0
DA:3728,0
DA:3731,9394
DA:3733,4697
DA:3736,0
DA:3738,0
DA:3741,9394
DA:3743,4697
DA:3746,0
DA:3748,0
DA:3751,9394
DA:3753,4697
DA:3756,0
DA:3758,0
DA:3761,9394
DA:3763,4697
DA:3766,0
DA:3768,0
DA:3771,9394
DA:3773,4697
DA:3776,0
DA:3778,0
DA:3781,4696
DA:3783,2348
DA:3786,4
DA:3788,2
DA:3791,4696
DA:3793,2348
DA:3796,2
DA:3798,1
DA:3801,4696
DA:3803,2348
DA:3806,2
DA:3808,1
DA:3811,4696
DA:3813,2348
DA:3816,2
DA:3818,1
DA:3821,4696
DA:3823,2348
DA:3826,2
DA:3828,1
DA:3831,4696
DA:3833,2348
DA:3836,2
DA:3838,1
DA:3841,4696
DA:3843,2348
DA:3846,2
DA:3848,1
DA:3851,4696
DA:3853,2348
DA:3856,2
DA:3858,1
DA:3861,4696
DA:3863,2348
DA:3866,2
DA:3868,1
DA:3871,4696
DA:3873,2348
DA:3876,2
DA:3878,1
DA:3881,4696
DA:3883,2348
DA:3886,2
DA:3888,1
DA:3891,4696
DA:3893,2348
DA:3896,466
DA:3898,233
DA:3901,4696
DA:3903,2348
DA:3906,2
DA:3908,1
DA:3911,4696
DA:3913,2348
DA:3916,802
DA:3918,401
DA:3921,4696
DA:3923,2348
DA:3926,2
DA:3928,1
DA:3931,4696
DA:3933,2348
DA:3936,454
DA:3938,227
DA:3941,4696
DA:3943,2348
DA:3946,454
DA:3948,227
DA:3951,4696
DA:3953,2348
DA:3956,454
DA:3958,227
DA:3961,4696
DA:3963,2348
DA:3966,294
DA:3968,147
DA:3971,4696
DA:3973,2348
DA:3976,162
DA:3978,81
DA:3981,4696
DA:3983,2348
DA:3986,454
DA:3988,227
DA:3991,4696
DA:3993,2348
DA:3996,454
DA:3998,227
DA:4001,4696
DA:4003,2348
DA:4006,454
DA:4008,227
DA:4011,4696
DA:4013,2348
DA:4016,438
DA:4018,219
DA:4021,4696
DA:4023,2348
DA:4026,14
DA:4028,7
DA:4031,4696
DA:4033,2348
DA:4036,2
DA:4038,1
DA:4041,4696
DA:4043,2348
DA:4046,10
DA:4048,5
DA:4051,4696
DA:4053,2348
DA:4056,2
DA:4058,1
DA:4061,4696
DA:4063,2348
DA:4066,10
DA:4068,5
DA:4071,4696
DA:4073,2348
DA:4076,6
DA:4078,3
DA:4081,4696
DA:4083,2348
DA:4086,14
DA:4088,7
DA:4091,4696
DA:4093,2348
DA:4096,2
DA:4098,1
DA:4101,4696
DA:4103,2348
DA:4106,2
DA:4108,1
DA:4111,4696
DA:4113,2348
DA:4116,14
DA:4118,7
DA:4121,4696
DA:4123,2348
DA:4126,2
DA:4128,1
DA:4131,4696
DA:4133,2348
DA:4136,2
DA:4138,1
DA:4141,4696
DA:4143,2348
DA:4146,6
DA:4148,3
DA:4151,4696
DA:4153,2348
DA:4156,14
DA:4158,7
DA:4161,9394
DA:4163,4697
DA:4166,9394
DA:4168,4697
DA:4171,9394
DA:4173,4697
DA:4176,9394
DA:4178,4697
DA:4181,9394
DA:4183,4697
DA:4186,9394
DA:4188,4697
DA:4191,9394
DA:4193,4697
DA:4196,9394
DA:4198,4697
DA:4201,9394
DA:4203,4697
DA:4206,9394
DA:4208,4697
DA:4211,9396
DA:4213,4698
DA:4216,9394
DA:4218,4697
DA:4221,9394
DA:4223,4697
DA:4226,9394
DA:4228,4697
DA:4231,9394
DA:4233,4697
DA:4236,17274
DA:4238,8637
DA:4241,9408
DA:4243,4704
DA:4246,9394
DA:4248,4697
DA:4251,9394
DA:4253,4697
DA:4256,9398
DA:4258,4699
DA:4261,9396
DA:4263,4698
DA:4266,9396
DA:4268,4698
DA:4271,9396
DA:4273,4698
DA:4276,9396
DA:4278,4698
DA:4281,9396
DA:4283,4698
DA:4286,9396
DA:4288,4698
DA:4291,9396
DA:4293,4698
DA:4296,9396
DA:4298,4698
DA:4301,9396
DA:4303,4698
DA:4306,9396
DA:4308,4698
DA:4311,9396
DA:4313,4698
DA:4316,9396
DA:4318,4698
DA:4321,9396
DA:4323,4698
DA:4326,9396
DA:4328,4698
DA:4331,9396
DA:4333,4698
DA:4336,9396
DA:4338,4698
DA:4341,9396
DA:4343,4698
DA:4346,9396
DA:4348,4698
DA:4351,9396
DA:4353,4698
DA:4356,9396
DA:4358,4698
DA:4361,9396
DA:4363,4698
DA:4366,9396
DA:4368,4698
DA:4371,9396
DA:4373,4698
DA:4376,9396
DA:4378,4698
DA:4381,9396
DA:4383,4698
DA:4386,9396
DA:4388,4698
DA:4391,9396
DA:4393,4698
DA:4396,9396
DA:4398,4698
DA:4401,9396
DA:4403,4698
DA:4406,9396
DA:4408,4698
DA:4411,9396
DA:4413,4698
DA:4416,10494
DA:4418,5247
DA:4421,9394
DA:4423,4697
DA:4426,9394
DA:4428,4697
DA:4431,9394
DA:4433,4697
DA:4436,9394
DA:4438,4697
DA:4441,9394
DA:4443,4697
DA:4446,9394
DA:4448,4697
DA:4451,9394
DA:4453,4697
DA:4456,9394
DA:4458,4697
DA:4461,9394
DA:4463,4697
DA:4466,9394
DA:4468,4697
DA:4471,9394
DA:4473,4697
DA:4476,9394
DA:4478,4697
DA:4481,9394
DA:4483,4697
DA:4486,9394
DA:4488,4697
DA:4491,9394
DA:4493,4697
DA:4496,9394
DA:4498,4697
DA:4501,9394
DA:4503,4697
DA:4506,9394
DA:4508,4697
DA:4511,9394
DA:4513,4697
DA:4516,9394
DA:4518,4697
DA:4521,9394
DA:4523,4697
DA:4526,9394
DA:4528,4697
DA:4531,9394
DA:4533,4697
DA:4536,9394
DA:4538,4697
DA:4541,9394
DA:4543,4697
DA:4546,9394
DA:4548,4697
DA:4551,9394
DA:4553,4697
DA:4556,9394
DA:4558,4697
DA:4561,9394
DA:4563,4697
DA:4566,9394
DA:4568,4697
DA:4571,9394
DA:4573,4697
DA:4576,14076
DA:4578,7038
DA:4581,14076
DA:4583,7038
DA:4586,11888
DA:4588,5944
DA:4591,11888
DA:4593,5944
DA:4596,14082
DA:4598,7041
DA:4601,14076
DA:4603,7038
DA:4606,14082
DA:4608,7041
DA:4611,13080
DA:4613,6540
DA:4618,2
DA:4619,1
DA:4620,1
end_of_record
SF:/home/kurumi/env-xs-ov-00-bpu/tests/ras-test/../../rtl/RAS/RASStack.sv
DA:59,4696
DA:60,34
DA:61,610
DA:62,171
DA:63,1989
DA:64,232
DA:65,401
DA:66,1393
DA:67,729
DA:68,20
DA:69,13
DA:70,605
DA:71,33
DA:72,778
DA:73,44
DA:74,827
DA:75,170
DA:76,611
DA:77,1976
DA:78,783
DA:79,147
DA:80,81
DA:81,1
DA:82,348
DA:83,433
DA:84,6
DA:85,5
DA:86,1
DA:87,7
DA:88,1
DA:89,0
DA:90,10
DA:91,2
DA:92,7
DA:93,3
DA:94,9
DA:95,54
DA:96,736
DA:97,19
DA:98,35
DA:99,788
DA:100,13
DA:101,608
DA:102,45
DA:103,838
DA:106,65
DA:107,9
DA:108,47
DA:109,10
DA:110,61
DA:111,5
DA:112,58
DA:113,9
DA:114,64
DA:115,11
DA:116,52
DA:117,6
DA:118,60
DA:119,7
DA:120,57
DA:121,10
DA:122,64
DA:123,10
DA:124,49
DA:125,10
DA:126,61
DA:127,10
DA:128,63
DA:129,8
DA:130,49
DA:131,9
DA:132,59
DA:133,6
DA:134,58
DA:135,6
DA:136,65
DA:137,5
DA:138,83
DA:139,10
DA:140,100
DA:141,11
DA:142,91
DA:143,12
DA:144,113
DA:145,10
DA:146,86
DA:147,9
DA:148,109
DA:149,13
DA:150,131
DA:151,10
DA:152,119
DA:153,13
DA:154,76
DA:155,3
DA:156,111
DA:157,10
DA:158,95
DA:159,6
DA:160,113
DA:161,8
DA:162,88
DA:163,5
DA:164,104
DA:165,5
DA:166,104
DA:167,7
DA:168,123
DA:169,9
DA:170,82
DA:171,9
DA:172,84
DA:173,4
DA:174,91
DA:175,9
DA:176,97
DA:177,6
DA:178,99
DA:179,5
DA:180,104
DA:181,7
DA:182,106
DA:183,10
DA:184,112
DA:185,9
DA:186,88
DA:187,9
DA:188,101
DA:189,7
DA:190,105
DA:191,3
DA:192,114
DA:193,9
DA:194,106
DA:195,7
DA:196,123
DA:197,8
DA:198,97
DA:199,5
DA:200,109
DA:201,7
DA:202,31
DA:203,153
DA:204,5
DA:205,4
DA:206,1
DA:207,33
DA:208,1
DA:209,32
DA:210,1
DA:211,56
DA:212,2
DA:213,31
DA:214,0
DA:215,48
DA:216,1
DA:217,51
DA:218,1
DA:219,74
DA:220,0
DA:221,25
DA:222,1
DA:223,35
DA:224,0
DA:225,37
DA:226,2
DA:227,55
DA:228,1
DA:229,37
DA:230,1
DA:231,57
DA:232,1
DA:233,51
DA:234,1
DA:235,69
DA:236,4
DA:237,30
DA:238,0
DA:239,36
DA:240,1
DA:241,36
DA:242,0
DA:243,52
DA:244,0
DA:245,35
DA:246,2
DA:247,52
DA:248,1
DA:249,51
DA:250,1
DA:251,69
DA:252,1
DA:253,38
DA:254,1
DA:255,55
DA:256,0
DA:257,52
DA:258,0
DA:259,66
DA:260,1
DA:261,53
DA:262,2
DA:263,52
DA:264,1
DA:265,51
DA:266,211
DA:267,736
DA:268,19
DA:269,35
DA:270,788
DA:271,13
DA:272,608
DA:273,4
DA:274,147
DA:275,2
DA:276,635
DA:277,20
DA:278,29
DA:279,620
DA:280,616
DA:283,38
DA:454,45
DA:456,838
DA:457,5
DA:458,5
DA:459,2
DA:461,2
DA:463,6
DA:465,2023
DA:477,783
DA:478,2014
DA:479,670
DA:481,2021
DA:483,607
DA:484,34
DA:485,787
DA:486,611
DA:487,5
DA:488,615
DA:498,614
DA:501,38
DA:502,10
DA:503,45
DA:504,42
DA:505,39
DA:518,663
DA:526,606
DA:528,35
DA:529,789
DA:597,1
DA:603,42
DA:609,37
DA:616,4730
DA:617,68
DA:618,34
DA:619,34
DA:620,34
DA:621,34
DA:622,34
DA:623,34
DA:624,34
DA:625,34
DA:626,34
DA:627,34
DA:628,34
DA:629,34
DA:630,34
DA:631,34
DA:632,34
DA:633,34
DA:634,34
DA:635,34
DA:636,34
DA:637,34
DA:638,34
DA:639,34
DA:640,34
DA:641,34
DA:642,34
DA:643,34
DA:644,34
DA:645,34
DA:646,34
DA:647,34
DA:648,34
DA:649,34
DA:650,34
DA:651,34
DA:652,34
DA:653,34
DA:654,34
DA:655,34
DA:656,34
DA:657,34
DA:658,34
DA:659,34
DA:660,34
DA:661,34
DA:662,34
DA:663,34
DA:664,34
DA:665,34
DA:666,34
DA:667,34
DA:668,34
DA:669,34
DA:670,34
DA:671,34
DA:672,34
DA:673,34
DA:674,34
DA:675,34
DA:676,34
DA:677,34
DA:678,34
DA:679,34
DA:680,34
DA:681,34
DA:682,34
DA:683,34
DA:684,34
DA:685,34
DA:686,34
DA:687,34
DA:688,34
DA:689,34
DA:690,34
DA:691,34
DA:692,34
DA:693,34
DA:694,34
DA:695,34
DA:696,34
DA:697,34
DA:698,34
DA:699,34
DA:700,34
DA:701,34
DA:702,34
DA:703,34
DA:704,34
DA:705,34
DA:706,34
DA:707,34
DA:708,34
DA:709,34
DA:710,34
DA:711,34
DA:712,34
DA:713,34
DA:714,34
DA:715,34
DA:716,34
DA:717,34
DA:718,34
DA:719,34
DA:720,34
DA:721,34
DA:722,34
DA:723,34
DA:724,34
DA:725,34
DA:726,34
DA:727,34
DA:728,34
DA:729,34
DA:730,34
DA:731,34
DA:732,34
DA:733,34
DA:734,34
DA:735,34
DA:736,34
DA:737,34
DA:738,34
DA:739,34
DA:740,34
DA:741,34
DA:742,34
DA:743,34
DA:744,34
DA:745,34
DA:746,34
DA:747,34
DA:748,34
DA:749,34
DA:750,34
DA:751,34
DA:752,34
DA:753,34
DA:754,34
DA:755,34
DA:756,34
DA:757,34
DA:758,34
DA:759,34
DA:760,34
DA:761,34
DA:762,34
DA:763,34
DA:764,34
DA:765,34
DA:766,34
DA:767,34
DA:768,34
DA:769,34
DA:770,34
DA:771,34
DA:772,34
DA:773,34
DA:774,34
DA:775,34
DA:776,34
DA:777,34
DA:778,34
DA:779,34
DA:780,34
DA:781,34
DA:782,34
DA:783,34
DA:784,34
DA:785,34
DA:786,34
DA:787,34
DA:788,34
DA:789,34
DA:791,2331
DA:792,4
DA:795,4
DA:796,146
DA:797,2
DA:798,0
DA:799,0
DA:800,0
DA:801,0
DA:802,2
DA:803,1
DA:804,0
DA:805,0
DA:806,0
DA:807,0
DA:808,0
DA:809,0
DA:810,0
DA:811,0
DA:812,0
DA:813,0
DA:814,0
DA:815,0
DA:816,0
DA:817,0
DA:818,0
DA:819,0
DA:820,0
DA:821,0
DA:822,0
DA:823,0
DA:824,0
DA:825,0
DA:826,0
DA:827,0
DA:828,0
DA:829,0
DA:830,0
DA:831,0
DA:832,0
DA:833,0
DA:834,0
DA:835,0
DA:836,0
DA:837,0
DA:838,0
DA:839,0
DA:840,0
DA:841,0
DA:842,0
DA:843,0
DA:844,0
DA:845,0
DA:846,0
DA:847,0
DA:848,0
DA:849,0
DA:850,0
DA:851,0
DA:852,0
DA:853,0
DA:854,0
DA:855,0
DA:856,0
DA:857,0
DA:858,0
DA:859,0
DA:860,0
DA:861,0
DA:862,1
DA:864,72
DA:865,8
DA:866,4
DA:867,0
DA:868,0
DA:869,8
DA:870,4
DA:871,0
DA:872,0
DA:873,14
DA:874,7
DA:875,0
DA:876,0
DA:877,10
DA:878,5
DA:879,0
DA:880,0
DA:881,10
DA:882,5
DA:883,0
DA:884,0
DA:885,10
DA:886,5
DA:887,0
DA:888,0
DA:889,10
DA:890,5
DA:891,0
DA:892,0
DA:893,10
DA:894,5
DA:895,0
DA:896,0
DA:897,8
DA:898,4
DA:899,0
DA:900,0
DA:901,8
DA:902,4
DA:903,0
DA:904,0
DA:905,8
DA:906,4
DA:907,0
DA:908,0
DA:909,8
DA:910,4
DA:911,0
DA:912,0
DA:913,8
DA:914,4
DA:915,0
DA:916,0
DA:917,8
DA:918,4
DA:919,0
DA:920,0
DA:921,8
DA:922,4
DA:923,0
DA:924,0
DA:925,8
DA:926,4
DA:927,0
DA:928,0
DA:929,72
DA:932,2258
DA:933,0
DA:934,0
DA:935,0
DA:936,0
DA:937,0
DA:938,0
DA:939,0
DA:940,0
DA:941,0
DA:942,0
DA:943,0
DA:944,0
DA:945,0
DA:946,0
DA:947,0
DA:948,0
DA:949,0
DA:950,0
DA:951,0
DA:952,0
DA:953,0
DA:954,0
DA:955,0
DA:956,0
DA:957,0
DA:958,0
DA:959,0
DA:960,0
DA:961,0
DA:962,0
DA:963,0
DA:964,0
DA:965,80
DA:966,0
DA:967,0
DA:969,40
DA:972,4
DA:975,4
DA:976,7
DA:979,7
DA:980,5
DA:983,5
DA:984,5
DA:987,5
DA:988,5
DA:991,5
DA:992,5
DA:995,5
DA:996,5
DA:999,5
DA:1000,4
DA:1003,4
DA:1004,4
DA:1007,4
DA:1008,4
DA:1011,4
DA:1012,4
DA:1015,4
DA:1016,4
DA:1019,4
DA:1020,4
DA:1023,4
DA:1024,4
DA:1027,4
DA:1028,4
DA:1031,4
DA:1032,40
DA:1033,20
DA:1034,2
DA:1035,18
DA:1037,2
DA:1038,20
DA:1039,20
DA:1041,32
DA:1042,16
DA:1043,0
DA:1044,16
DA:1046,0
DA:1047,16
DA:1048,16
DA:1050,26
DA:1051,13
DA:1052,0
DA:1053,13
DA:1055,0
DA:1056,13
DA:1057,13
DA:1059,26
DA:1060,13
DA:1061,0
DA:1062,13
DA:1064,0
DA:1065,13
DA:1066,13
DA:1068,26
DA:1069,13
DA:1070,0
DA:1071,13
DA:1073,0
DA:1074,13
DA:1075,13
DA:1077,26
DA:1078,13
DA:1079,0
DA:1080,13
DA:1082,0
DA:1083,13
DA:1084,13
DA:1086,26
DA:1087,13
DA:1088,0
DA:1089,13
DA:1091,0
DA:1092,13
DA:1093,13
DA:1095,24
DA:1096,12
DA:1097,0
DA:1098,12
DA:1100,0
DA:1101,12
DA:1102,12
DA:1104,24
DA:1105,12
DA:1106,0
DA:1107,12
DA:1109,0
DA:1110,12
DA:1111,12
DA:1113,22
DA:1114,11
DA:1115,0
DA:1116,11
DA:1118,0
DA:1119,11
DA:1120,11
DA:1122,16
DA:1123,8
DA:1124,0
DA:1125,8
DA:1127,0
DA:1128,8
DA:1129,8
DA:1131,16
DA:1132,8
DA:1133,0
DA:1134,8
DA:1136,0
DA:1137,8
DA:1138,8
DA:1140,16
DA:1141,8
DA:1142,0
DA:1143,8
DA:1145,0
DA:1146,8
DA:1147,8
DA:1149,16
DA:1150,8
DA:1151,0
DA:1152,8
DA:1154,0
DA:1155,8
DA:1156,8
DA:1158,16
DA:1159,8
DA:1160,0
DA:1161,8
DA:1163,0
DA:1164,8
DA:1165,8
DA:1167,16
DA:1168,8
DA:1169,0
DA:1170,8
DA:1172,0
DA:1173,8
DA:1174,8
DA:1176,16
DA:1177,8
DA:1178,0
DA:1179,8
DA:1181,0
DA:1182,8
DA:1183,8
DA:1185,16
DA:1186,8
DA:1187,0
DA:1188,8
DA:1190,0
DA:1191,8
DA:1192,8
DA:1194,16
DA:1195,8
DA:1196,0
DA:1197,8
DA:1199,0
DA:1200,8
DA:1201,8
DA:1203,16
DA:1204,8
DA:1205,0
DA:1206,8
DA:1208,0
DA:1209,8
DA:1210,8
DA:1212,16
DA:1213,8
DA:1214,0
DA:1215,8
DA:1217,0
DA:1218,8
DA:1219,8
DA:1221,16
DA:1222,8
DA:1223,0
DA:1224,8
DA:1226,0
DA:1227,8
DA:1228,8
DA:1230,16
DA:1231,8
DA:1232,0
DA:1233,8
DA:1235,0
DA:1236,8
DA:1237,8
DA:1239,16
DA:1240,8
DA:1241,0
DA:1242,8
DA:1244,0
DA:1245,8
DA:1246,8
DA:1248,16
DA:1249,8
DA:1250,0
DA:1251,8
DA:1253,0
DA:1254,8
DA:1255,8
DA:1257,16
DA:1258,8
DA:1259,0
DA:1260,8
DA:1262,0
DA:1263,8
DA:1264,8
DA:1266,16
DA:1267,8
DA:1268,0
DA:1269,8
DA:1271,0
DA:1272,8
DA:1273,8
DA:1275,16
DA:1276,8
DA:1277,0
DA:1278,8
DA:1280,0
DA:1281,8
DA:1282,8
DA:1284,16
DA:1285,8
DA:1286,0
DA:1287,8
DA:1289,0
DA:1290,8
DA:1291,8
DA:1293,16
DA:1294,8
DA:1295,0
DA:1296,8
DA:1298,0
DA:1299,8
DA:1300,8
DA:1302,12
DA:1303,6
DA:1304,0
DA:1305,6
DA:1307,0
DA:1308,6
DA:1309,6
DA:1311,12
DA:1312,6
DA:1313,0
DA:1314,6
DA:1316,0
DA:1317,6
DA:1318,6
DA:1320,6
DA:1321,3
DA:1322,3
DA:1323,3
DA:1324,3
DA:1325,3
DA:1326,3
DA:1327,3
DA:1328,3
DA:1329,3
DA:1330,3
DA:1331,3
DA:1332,3
DA:1333,3
DA:1334,3
DA:1335,3
DA:1336,3
DA:1337,3
DA:1338,3
DA:1339,3
DA:1340,3
DA:1341,3
DA:1342,3
DA:1343,3
DA:1344,3
DA:1345,3
DA:1346,3
DA:1347,3
DA:1348,3
DA:1350,12
DA:1351,6
DA:1352,6
DA:1353,6
DA:1354,6
DA:1355,6
DA:1356,6
DA:1357,6
DA:1358,6
DA:1359,6
DA:1360,6
DA:1361,6
DA:1362,6
DA:1363,6
DA:1364,6
DA:1365,6
DA:1366,6
DA:1367,6
DA:1368,6
DA:1369,6
DA:1370,6
DA:1371,6
DA:1372,6
DA:1373,6
DA:1374,6
DA:1375,6
DA:1376,6
DA:1378,2322
DA:1379,4474
DA:1380,298
DA:1383,298
DA:1385,37
DA:1386,48
DA:1388,37
DA:1389,170
DA:1390,0
DA:1391,0
DA:1393,85
DA:1395,610
DA:1396,14
DA:1397,7
DA:1399,298
DA:1401,102
DA:1402,51
DA:1403,51
DA:1404,0
DA:1405,0
DA:1407,51
DA:1409,610
DA:1410,305
DA:1411,305
DA:1413,610
DA:1414,305
DA:1415,305
DA:1418,0
DA:1419,0
DA:1420,0
DA:1422,146
DA:1423,73
DA:1424,73
DA:1426,0
DA:1427,0
DA:1428,0
DA:1430,0
DA:1431,0
DA:1432,0
DA:1434,2331
DA:1435,2331
DA:1436,2331
DA:1437,2331
DA:1438,2331
DA:1439,2331
DA:1440,2331
DA:1441,2331
DA:1442,2331
DA:1443,2331
DA:1444,2331
DA:1445,2331
DA:1446,2331
DA:1447,2331
DA:1448,2331
DA:1449,2331
DA:1450,2331
DA:1451,2331
DA:1452,2331
DA:1453,2331
DA:1454,2331
DA:1455,2331
DA:1456,2331
DA:1457,2331
DA:1458,2331
DA:1459,2331
DA:1460,2331
DA:1461,2331
DA:1462,2331
DA:1463,2331
DA:1464,2331
DA:1465,2331
DA:1466,2331
DA:1467,2331
DA:1468,2331
DA:1469,2331
DA:1470,2331
DA:1471,2331
DA:1472,2331
DA:1473,2331
DA:1474,2331
DA:1475,2331
DA:1476,2331
DA:1477,2331
DA:1478,2331
DA:1479,2331
DA:1480,2331
DA:1481,2331
DA:1482,2331
DA:1483,2331
DA:1484,2331
DA:1485,2331
DA:1486,2331
DA:1487,2331
DA:1488,2331
DA:1489,2331
DA:1490,2331
DA:1491,2331
DA:1492,2331
DA:1493,2331
DA:1494,2331
DA:1495,2331
DA:1496,2331
DA:1497,2331
DA:1500,679
DA:1515,4696
DA:1516,614
DA:1517,307
DA:1518,307
DA:1519,307
DA:1520,307
DA:1522,120
DA:1523,2228
DA:1524,2228
DA:1526,120
DA:1527,2228
DA:1528,2228
DA:1529,120
DA:1530,2228
DA:1531,2228
DA:1533,122
DA:1534,2226
DA:1535,2348
DA:1542,2
DA:1745,0
DA:1746,0
DA:1747,0
DA:1748,0
DA:1749,0
DA:1750,0
DA:1751,0
DA:1752,0
DA:1753,0
DA:1754,0
DA:1755,0
DA:1756,0
DA:1757,0
DA:1758,0
DA:1759,0
DA:1760,0
DA:1761,0
DA:1762,0
DA:1763,0
DA:1764,0
DA:1765,0
DA:1766,0
DA:1767,0
DA:1768,0
DA:1769,0
DA:1770,0
DA:1771,0
DA:1772,0
DA:1773,0
DA:1774,0
DA:1775,0
DA:1776,0
DA:1777,0
DA:1778,0
DA:1779,0
DA:1780,0
DA:1781,0
DA:1782,0
DA:1783,0
DA:1784,0
DA:1785,0
DA:1786,0
DA:1787,0
DA:1788,0
DA:1789,0
DA:1790,0
DA:1791,0
DA:1792,0
DA:1793,0
DA:1794,0
DA:1795,0
DA:1796,0
DA:1797,0
DA:1798,0
DA:1799,0
DA:1800,0
DA:1801,0
DA:1802,0
DA:1803,0
DA:1804,0
DA:1805,0
DA:1806,0
DA:1807,0
DA:1808,0
DA:1809,0
DA:1810,0
DA:1811,0
DA:1812,0
DA:1813,0
DA:1814,0
DA:1815,0
DA:1816,0
DA:1817,0
DA:1818,0
DA:1819,0
DA:1820,0
DA:1821,0
DA:1822,0
DA:1823,0
DA:1824,0
DA:1825,0
DA:1826,0
DA:1827,0
DA:1828,0
DA:1829,0
DA:1830,0
DA:1831,0
DA:1832,0
DA:1833,0
DA:1834,0
DA:1835,0
DA:1836,0
DA:1837,0
DA:1838,0
DA:1839,0
DA:1840,0
DA:1841,0
DA:1842,0
DA:1843,0
DA:1844,0
DA:1845,0
DA:1846,0
DA:1847,0
DA:1848,0
DA:1849,0
DA:1850,0
DA:1851,0
DA:1852,0
DA:1853,0
DA:1854,0
DA:1855,0
DA:1856,0
DA:1857,0
DA:1858,0
DA:1859,0
DA:1860,0
DA:1861,0
DA:1862,0
DA:1863,0
DA:1864,0
DA:1865,0
DA:1866,0
DA:1867,0
DA:1868,0
DA:1869,0
DA:1870,0
DA:1871,0
DA:1872,0
DA:1873,0
DA:1874,0
DA:1875,0
DA:1876,0
DA:1877,0
DA:1878,0
DA:1879,0
DA:1880,0
DA:1881,0
DA:1882,0
DA:1883,0
DA:1884,0
DA:1885,0
DA:1886,0
DA:1887,0
DA:1888,0
DA:1889,0
DA:1890,0
DA:1891,0
DA:1892,0
DA:1893,0
DA:1894,0
DA:1895,0
DA:1896,0
DA:1897,0
DA:1898,0
DA:1899,0
DA:1900,0
DA:1901,0
DA:1902,0
DA:1903,0
DA:1904,0
DA:1905,0
DA:1906,0
DA:1907,0
DA:1908,0
DA:1909,0
DA:1910,0
DA:1911,0
DA:1912,0
DA:1913,0
DA:1914,0
DA:1915,0
DA:1916,0
DA:1917,0
end_of_record
SF:/home/kurumi/env-xs-ov-00-bpu/tests/ras-test/../../rtl/common/DelayN_2.sv
DA:59,4696
DA:60,39
DA:61,127
DA:64,47
DA:65,72
DA:66,91
DA:67,111
DA:68,127
DA:69,4696
DA:70,2348
DA:71,2348
DA:72,2348
DA:73,2348
DA:74,2348
DA:81,2
end_of_record
