TN:verilator_coverage
SF:/home/kurumi/env-xs-ov-00-bpu/./rtl/common/DelayN_2.sv
DA:59,200002
DA:60,37
DA:61,114
DA:64,50
DA:65,65
DA:66,82
DA:67,96
DA:68,114
DA:69,200002
DA:70,100001
DA:71,100001
DA:72,100001
DA:73,100001
DA:74,100001
DA:81,2
end_of_record
SF:/home/kurumi/env-xs-ov-00-bpu/./rtl/uFTB/FauFTBWay.sv
DA:59,200002
DA:60,3
DA:61,68
DA:62,66
DA:63,227
DA:64,29
DA:65,19
DA:66,62
DA:67,339
DA:68,40
DA:69,16
DA:70,18
DA:71,66
DA:72,19
DA:73,16
DA:74,12
DA:75,14
DA:76,15
DA:77,17
DA:78,0
DA:79,6
DA:80,14
DA:81,3
DA:82,1
DA:83,3
DA:84,22
DA:85,2
DA:86,0
DA:87,1
DA:88,4
DA:89,0
DA:90,1
DA:91,0
DA:92,21
DA:95,66
DA:96,227
DA:97,29
DA:98,19
DA:99,62
DA:100,339
DA:101,40
DA:102,16
DA:103,18
DA:104,66
DA:105,19
DA:106,16
DA:107,12
DA:108,250
DA:109,28
DA:110,6400064
DA:111,2
DA:112,1
DA:113,1
DA:114,1
DA:115,1
DA:116,1
DA:117,1
DA:118,1
DA:119,1
DA:120,1
DA:121,1
DA:122,1
DA:123,1
DA:124,1
DA:125,1
DA:128,6400128
DA:129,704
DA:130,352
DA:132,3199712
DA:139,64
DA:163,0
DA:164,0
end_of_record
SF:/home/kurumi/env-xs-ov-00-bpu/out/picker_out_uFTB/FauFTB.v
DA:59,200002
DA:60,3
DA:61,37
DA:62,38
DA:63,34
DA:64,44
DA:65,43
DA:66,145
DA:67,144
DA:68,64
DA:69,130
DA:70,1
DA:71,1
DA:72,1
DA:73,1
DA:74,15
DA:75,20
DA:76,3
DA:77,1
DA:78,23
DA:79,0
DA:80,1
DA:81,0
DA:82,0
DA:83,0
DA:84,1
DA:85,24
DA:86,20
DA:87,2
DA:88,3
DA:89,22
DA:90,1
DA:91,1
DA:92,0
DA:93,1
DA:94,0
DA:95,0
DA:96,24
DA:97,20
DA:98,3
DA:99,2
DA:100,19
DA:101,0
DA:102,0
DA:103,0
DA:104,1
DA:105,1
DA:106,0
DA:107,22
DA:108,19
DA:109,2
DA:110,3
DA:111,20
DA:112,1
DA:113,0
DA:114,0
DA:115,113
DA:116,2
DA:117,3
DA:118,2
DA:119,2
DA:120,2
DA:121,1
DA:122,1
DA:123,2
DA:124,38
DA:125,3
DA:126,9
DA:127,0
DA:128,1
DA:129,3
DA:130,21
DA:131,3
DA:132,2
DA:133,2
DA:134,5
DA:135,1
DA:136,2
DA:137,1
DA:138,2
DA:139,0
DA:140,239
DA:141,4
DA:142,3
DA:145,8
DA:146,3
DA:628,147
DA:629,146
DA:630,67
DA:631,130
DA:632,4
DA:633,4
DA:634,1
DA:635,2
DA:636,0
DA:637,1
DA:638,1
DA:639,3
DA:640,2
DA:641,1
DA:642,2
DA:643,1
DA:644,3
DA:645,3
DA:646,2
DA:647,2
DA:648,3
DA:649,2
DA:650,2
DA:651,1
DA:652,1
DA:653,1
DA:654,2
DA:655,2
DA:656,4
DA:657,2
DA:658,1
DA:659,2
DA:660,2
DA:661,1
DA:662,2
DA:663,2
DA:664,1
DA:665,3
DA:666,3
DA:667,4
DA:668,4
DA:669,1
DA:670,1
DA:671,3
DA:672,2
DA:673,3
DA:674,2
DA:675,1
DA:676,1
DA:677,1
DA:678,1
DA:679,4
DA:680,2
DA:681,2
DA:682,2
DA:683,1
DA:684,3
DA:685,4
DA:686,1
DA:687,1
DA:688,3
DA:689,1
DA:690,3
DA:691,1
DA:692,2
DA:693,4
DA:694,3
DA:695,1
DA:696,3
DA:697,0
DA:698,36
DA:699,19
DA:735,1
DA:741,0
DA:746,4
DA:751,4
DA:756,1
DA:761,1
DA:766,3
DA:771,3
DA:776,4
DA:781,4
DA:786,4
DA:791,0
DA:796,0
DA:801,0
DA:806,1
DA:811,0
DA:816,4
DA:821,3
DA:826,1
DA:831,1
DA:836,1
DA:841,1
DA:846,2
DA:851,1
DA:856,4
DA:861,0
DA:866,1
DA:871,3
DA:876,1
DA:881,3
DA:886,4
DA:891,2
DA:2169,2
DA:2170,0
DA:2171,1
DA:2172,9
DA:2173,1
DA:2174,1
DA:2175,2
DA:2176,21
DA:2177,30
DA:2178,2
DA:2179,34
DA:2206,6
DA:2207,14
DA:2208,3
DA:2209,1
DA:2210,3
DA:2211,22
DA:2212,2
DA:2213,0
DA:2214,1
DA:2215,4
DA:2216,0
DA:2217,1
DA:2218,0
DA:2219,3
DA:2220,0
DA:2221,1
DA:2222,0
DA:2223,0
DA:2224,0
DA:2225,1
DA:2226,0
DA:2227,1
DA:2228,0
DA:2229,0
DA:2230,0
DA:2231,1
DA:2232,1
DA:2233,0
DA:2234,0
DA:2235,1
DA:2236,1
DA:2237,1
DA:2238,1
DA:2239,1
DA:2240,0
DA:2241,0
DA:2242,0
DA:2243,0
DA:2244,2
DA:2245,0
DA:2246,0
DA:2247,1
DA:2248,1
DA:2249,1
DA:2250,0
DA:2251,2
DA:2252,0
DA:2253,1
DA:2254,1
DA:2255,3
DA:2256,2
DA:2257,0
DA:2258,2
DA:2260,18
DA:2326,3
DA:2347,200002
DA:2348,4
DA:2349,2
DA:2350,2
DA:2351,2
DA:2352,2
DA:2354,99999
DA:2355,1
DA:2356,99998
DA:2357,1
DA:2358,99998
DA:2359,19
DA:2360,99980
DA:2361,1
DA:2362,99998
DA:2364,100001
DA:2365,100001
DA:2366,100001
DA:2367,0
DA:2368,100001
DA:2369,100001
DA:2371,0
DA:2372,100001
DA:2373,100001
DA:2375,100001
DA:2376,0
DA:2377,0
DA:2378,100001
DA:2379,2
DA:2380,1
DA:2381,1
DA:2382,1
DA:2383,1
DA:2384,1
DA:2385,1
DA:2386,1
DA:2387,1
DA:2388,1
DA:2389,1
DA:2390,1
DA:2391,1
DA:2392,1
DA:2393,1
DA:2394,1
DA:2395,1
DA:2396,1
DA:2397,1
DA:2398,1
DA:2399,1
DA:2400,1
DA:2401,1
DA:2402,1
DA:2403,1
DA:2404,1
DA:2406,100001
DA:2407,100001
DA:2408,100001
DA:2409,100001
DA:2515,200004
DA:2516,22
DA:2517,11
DA:2518,11
DA:2519,11
DA:2520,11
DA:2521,11
DA:2522,11
DA:2523,11
DA:2524,11
DA:2525,11
DA:2526,11
DA:2527,11
DA:2528,11
DA:2529,11
DA:2530,11
DA:2531,11
DA:2532,11
DA:2533,11
DA:2534,11
DA:2535,11
DA:2536,11
DA:2537,11
DA:2538,11
DA:2539,11
DA:2540,11
DA:2541,11
DA:2542,11
DA:2543,11
DA:2544,11
DA:2545,11
DA:2546,11
DA:2547,11
DA:2548,11
DA:2549,11
DA:2550,11
DA:2551,11
DA:2552,11
DA:2553,11
DA:2554,11
DA:2555,11
DA:2556,11
DA:2557,11
DA:2558,11
DA:2559,11
DA:2560,11
DA:2561,11
DA:2562,11
DA:2563,11
DA:2564,11
DA:2565,11
DA:2566,11
DA:2567,11
DA:2568,11
DA:2569,11
DA:2570,11
DA:2571,11
DA:2572,11
DA:2573,11
DA:2574,11
DA:2575,11
DA:2576,11
DA:2577,11
DA:2578,11
DA:2579,11
DA:2580,11
DA:2581,11
DA:2583,99991
DA:2584,0
DA:2585,0
DA:2586,0
DA:2587,0
DA:2588,0
DA:2589,0
DA:2590,0
DA:2592,0
DA:2594,0
DA:2595,0
DA:2596,0
DA:2597,0
DA:2598,0
DA:2599,0
DA:2600,0
DA:2602,0
DA:2604,0
DA:2605,0
DA:2606,0
DA:2607,0
DA:2608,0
DA:2609,0
DA:2610,0
DA:2612,0
DA:2614,0
DA:2615,0
DA:2616,0
DA:2617,0
DA:2618,0
DA:2619,0
DA:2620,0
DA:2622,0
DA:2624,0
DA:2625,0
DA:2626,0
DA:2627,0
DA:2628,0
DA:2629,0
DA:2630,0
DA:2632,0
DA:2634,0
DA:2635,0
DA:2636,0
DA:2637,0
DA:2638,0
DA:2639,0
DA:2640,0
DA:2642,0
DA:2644,0
DA:2645,0
DA:2646,0
DA:2647,0
DA:2648,0
DA:2649,0
DA:2650,0
DA:2652,0
DA:2654,0
DA:2655,0
DA:2656,0
DA:2657,0
DA:2658,0
DA:2659,0
DA:2660,0
DA:2662,0
DA:2664,0
DA:2665,0
DA:2666,0
DA:2667,0
DA:2668,0
DA:2669,0
DA:2670,0
DA:2672,0
DA:2674,0
DA:2675,0
DA:2676,0
DA:2677,0
DA:2678,0
DA:2679,0
DA:2680,0
DA:2682,0
DA:2684,0
DA:2685,0
DA:2686,0
DA:2687,0
DA:2688,0
DA:2689,0
DA:2690,0
DA:2692,0
DA:2694,0
DA:2695,0
DA:2696,0
DA:2697,0
DA:2698,0
DA:2699,0
DA:2700,0
DA:2702,0
DA:2704,0
DA:2705,0
DA:2706,0
DA:2707,0
DA:2708,0
DA:2709,0
DA:2710,0
DA:2712,0
DA:2714,0
DA:2715,0
DA:2716,0
DA:2717,0
DA:2718,0
DA:2719,0
DA:2720,0
DA:2722,0
DA:2724,0
DA:2725,0
DA:2726,0
DA:2727,0
DA:2728,0
DA:2729,0
DA:2730,0
DA:2732,0
DA:2734,0
DA:2735,0
DA:2736,0
DA:2737,0
DA:2738,0
DA:2739,0
DA:2740,0
DA:2742,0
DA:2744,0
DA:2745,0
DA:2746,0
DA:2747,0
DA:2748,0
DA:2749,0
DA:2750,0
DA:2752,0
DA:2754,0
DA:2755,0
DA:2756,0
DA:2757,0
DA:2758,0
DA:2759,0
DA:2760,0
DA:2762,0
DA:2764,0
DA:2765,0
DA:2766,0
DA:2767,0
DA:2768,0
DA:2769,0
DA:2770,0
DA:2772,0
DA:2774,0
DA:2775,0
DA:2776,0
DA:2777,0
DA:2778,0
DA:2779,0
DA:2780,0
DA:2782,0
DA:2784,0
DA:2785,0
DA:2786,0
DA:2787,0
DA:2788,0
DA:2789,0
DA:2790,0
DA:2792,0
DA:2794,0
DA:2795,0
DA:2796,0
DA:2797,0
DA:2798,0
DA:2799,0
DA:2800,0
DA:2802,0
DA:2804,0
DA:2805,0
DA:2806,0
DA:2807,0
DA:2808,0
DA:2809,0
DA:2810,0
DA:2812,0
DA:2814,0
DA:2815,0
DA:2816,0
DA:2817,0
DA:2818,0
DA:2819,0
DA:2820,0
DA:2822,0
DA:2824,0
DA:2825,0
DA:2826,0
DA:2827,0
DA:2828,0
DA:2829,0
DA:2830,0
DA:2832,0
DA:2834,0
DA:2835,0
DA:2836,0
DA:2837,0
DA:2838,0
DA:2839,0
DA:2840,0
DA:2842,0
DA:2844,0
DA:2845,0
DA:2846,0
DA:2847,0
DA:2848,0
DA:2849,0
DA:2850,0
DA:2852,0
DA:2854,0
DA:2855,0
DA:2856,0
DA:2857,0
DA:2858,0
DA:2859,0
DA:2860,0
DA:2862,0
DA:2864,0
DA:2865,0
DA:2866,0
DA:2867,0
DA:2868,0
DA:2869,0
DA:2870,0
DA:2872,0
DA:2874,0
DA:2875,0
DA:2876,0
DA:2877,0
DA:2878,0
DA:2879,0
DA:2880,0
DA:2882,0
DA:2884,0
DA:2885,0
DA:2886,0
DA:2887,0
DA:2888,0
DA:2889,0
DA:2890,0
DA:2892,0
DA:2894,0
DA:2895,0
DA:2896,0
DA:2897,0
DA:2898,0
DA:2899,0
DA:2900,0
DA:2902,0
DA:2904,0
DA:2905,0
DA:2906,0
DA:2907,0
DA:2908,0
DA:2909,0
DA:2910,0
DA:2912,0
DA:2914,0
DA:2915,0
DA:2916,0
DA:2917,0
DA:2918,0
DA:2919,0
DA:2920,0
DA:2922,0
DA:2924,0
DA:2925,0
DA:2926,0
DA:2927,0
DA:2928,0
DA:2929,0
DA:2930,0
DA:2932,0
DA:2934,0
DA:2935,0
DA:2936,0
DA:2937,0
DA:2938,0
DA:2939,0
DA:2940,0
DA:2942,0
DA:2944,0
DA:2945,0
DA:2946,0
DA:2947,0
DA:2948,0
DA:2949,0
DA:2950,0
DA:2952,0
DA:2954,0
DA:2955,0
DA:2956,0
DA:2957,0
DA:2958,0
DA:2959,0
DA:2960,0
DA:2962,0
DA:2964,0
DA:2965,0
DA:2966,0
DA:2967,0
DA:2968,0
DA:2969,0
DA:2970,0
DA:2972,0
DA:2974,0
DA:2975,0
DA:2976,0
DA:2977,0
DA:2978,0
DA:2979,0
DA:2980,0
DA:2982,0
DA:2984,0
DA:2985,0
DA:2986,0
DA:2987,0
DA:2988,0
DA:2989,0
DA:2990,0
DA:2992,0
DA:2994,0
DA:2995,0
DA:2996,0
DA:2997,0
DA:2998,0
DA:2999,0
DA:3000,0
DA:3002,0
DA:3004,0
DA:3005,0
DA:3006,0
DA:3007,0
DA:3008,0
DA:3009,0
DA:3010,0
DA:3012,0
DA:3014,0
DA:3015,0
DA:3016,0
DA:3017,0
DA:3018,0
DA:3019,0
DA:3020,0
DA:3022,0
DA:3024,0
DA:3025,0
DA:3026,0
DA:3027,0
DA:3028,0
DA:3029,0
DA:3030,0
DA:3032,0
DA:3034,0
DA:3035,0
DA:3036,0
DA:3037,0
DA:3038,0
DA:3039,0
DA:3040,0
DA:3042,0
DA:3044,0
DA:3045,0
DA:3046,0
DA:3047,0
DA:3048,0
DA:3049,0
DA:3050,0
DA:3052,0
DA:3054,0
DA:3055,0
DA:3056,0
DA:3057,0
DA:3058,0
DA:3059,0
DA:3060,0
DA:3062,0
DA:3064,0
DA:3065,0
DA:3066,0
DA:3067,0
DA:3068,0
DA:3069,0
DA:3070,0
DA:3072,0
DA:3074,0
DA:3075,0
DA:3076,0
DA:3077,0
DA:3078,0
DA:3079,0
DA:3080,0
DA:3082,0
DA:3084,0
DA:3085,0
DA:3086,0
DA:3087,0
DA:3088,0
DA:3089,0
DA:3090,0
DA:3092,0
DA:3094,0
DA:3095,0
DA:3096,0
DA:3097,0
DA:3098,0
DA:3099,0
DA:3100,0
DA:3102,0
DA:3104,0
DA:3105,0
DA:3106,0
DA:3107,0
DA:3108,0
DA:3109,0
DA:3110,0
DA:3112,0
DA:3114,0
DA:3115,0
DA:3116,0
DA:3117,0
DA:3118,0
DA:3119,0
DA:3120,0
DA:3122,0
DA:3124,0
DA:3125,0
DA:3126,0
DA:3127,0
DA:3128,0
DA:3129,0
DA:3130,0
DA:3132,0
DA:3134,0
DA:3135,0
DA:3136,0
DA:3137,0
DA:3138,0
DA:3139,0
DA:3140,0
DA:3142,0
DA:3144,0
DA:3145,0
DA:3146,0
DA:3147,0
DA:3148,0
DA:3149,0
DA:3150,0
DA:3152,0
DA:3154,0
DA:3155,0
DA:3156,0
DA:3157,0
DA:3158,0
DA:3159,0
DA:3160,0
DA:3162,0
DA:3164,0
DA:3165,0
DA:3166,0
DA:3167,0
DA:3168,0
DA:3169,0
DA:3170,0
DA:3172,0
DA:3174,0
DA:3175,0
DA:3176,0
DA:3177,0
DA:3178,0
DA:3179,0
DA:3180,0
DA:3182,0
DA:3184,0
DA:3185,0
DA:3186,0
DA:3187,0
DA:3188,0
DA:3189,0
DA:3190,0
DA:3192,0
DA:3194,0
DA:3195,0
DA:3196,0
DA:3197,0
DA:3198,0
DA:3199,0
DA:3200,0
DA:3202,0
DA:3204,0
DA:3205,0
DA:3206,0
DA:3207,0
DA:3208,0
DA:3209,0
DA:3210,0
DA:3212,0
DA:3214,0
DA:3215,0
DA:3216,0
DA:3217,0
DA:3218,0
DA:3219,0
DA:3220,0
DA:3222,0
DA:3224,2
DA:3225,0
DA:3226,0
DA:3227,0
DA:3228,0
DA:3229,0
DA:3230,0
DA:3231,0
DA:3232,0
DA:3233,0
DA:3234,0
DA:3235,0
DA:3236,0
DA:3237,0
DA:3238,0
DA:3239,0
DA:3240,0
DA:3241,0
DA:3242,0
DA:3243,0
DA:3244,0
DA:3245,0
DA:3246,0
DA:3247,0
DA:3248,0
DA:3249,0
DA:3250,0
DA:3251,0
DA:3252,0
DA:3253,0
DA:3254,0
DA:3255,0
DA:3256,0
DA:3257,0
DA:3258,0
DA:3259,0
DA:3260,0
DA:3261,0
DA:3262,0
DA:3263,0
DA:3264,0
DA:3265,0
DA:3266,0
DA:3267,0
DA:3268,0
DA:3269,0
DA:3270,0
DA:3271,0
DA:3272,0
DA:3273,0
DA:3274,0
DA:3275,0
DA:3276,0
DA:3277,0
DA:3278,0
DA:3279,0
DA:3280,0
DA:3281,0
DA:3282,0
DA:3283,0
DA:3284,0
DA:3285,0
DA:3286,0
DA:3287,0
DA:3288,0
DA:3289,0
DA:3290,0
DA:3291,0
DA:3292,0
DA:3293,0
DA:3294,0
DA:3295,0
DA:3296,0
DA:3297,0
DA:3298,0
DA:3299,0
DA:3300,0
DA:3301,0
DA:3302,0
DA:3303,0
DA:3304,0
DA:3305,0
DA:3306,0
DA:3307,0
DA:3308,0
DA:3309,0
DA:3310,0
DA:3311,0
DA:3312,0
DA:3313,0
DA:3314,0
DA:3315,0
DA:3316,0
DA:3317,0
DA:3318,0
DA:3319,1
DA:3320,1
DA:3329,2
DA:3441,0
DA:3442,0
DA:3443,0
DA:3444,0
DA:3445,0
DA:3446,0
DA:3447,0
DA:3448,0
DA:3449,0
DA:3450,0
DA:3451,0
DA:3452,0
DA:3453,0
DA:3454,0
DA:3455,0
DA:3456,0
DA:3457,0
DA:3458,0
DA:3459,0
DA:3460,0
DA:3461,0
DA:3462,0
DA:3463,0
DA:3464,0
DA:3465,0
DA:3466,0
DA:3467,0
DA:3468,0
DA:3469,0
DA:3470,0
DA:3471,0
DA:3472,0
DA:3473,0
DA:3474,0
DA:3475,0
DA:3476,0
DA:3477,0
DA:3478,0
DA:3479,0
DA:3480,0
DA:3481,0
DA:3482,0
DA:3483,0
DA:3484,0
DA:3485,0
DA:3486,0
DA:3487,0
DA:3488,0
DA:3489,0
DA:3490,0
DA:3491,0
DA:3492,0
DA:3493,0
DA:3494,0
DA:3495,0
DA:3496,0
DA:3497,0
DA:3498,0
DA:3499,0
DA:3500,0
DA:3501,0
DA:3502,0
DA:3503,0
DA:3504,0
DA:3505,0
DA:3506,0
end_of_record
SF:/home/kurumi/env-xs-ov-00-bpu/out/picker_out_uFTB/FauFTB_top.sv
DA:3,200002
DA:4,3
DA:5,37
DA:6,38
DA:7,34
DA:8,44
DA:9,43
DA:10,145
DA:11,144
DA:12,64
DA:13,130
DA:14,1
DA:15,1
DA:16,1
DA:17,1
DA:18,15
DA:19,20
DA:20,3
DA:21,1
DA:22,23
DA:23,0
DA:24,1
DA:25,0
DA:26,0
DA:27,0
DA:28,1
DA:29,24
DA:30,20
DA:31,2
DA:32,3
DA:33,22
DA:34,1
DA:35,1
DA:36,0
DA:37,1
DA:38,0
DA:39,0
DA:40,24
DA:41,20
DA:42,3
DA:43,2
DA:44,19
DA:45,0
DA:46,0
DA:47,0
DA:48,1
DA:49,1
DA:50,0
DA:51,22
DA:52,19
DA:53,2
DA:54,3
DA:55,20
DA:56,1
DA:57,0
DA:58,0
DA:59,113
DA:60,2
DA:61,3
DA:62,2
DA:63,2
DA:64,2
DA:65,1
DA:66,1
DA:67,2
DA:68,38
DA:69,3
DA:70,9
DA:71,0
DA:72,1
DA:73,3
DA:74,21
DA:75,3
DA:76,2
DA:77,2
DA:78,5
DA:79,1
DA:80,2
DA:81,1
DA:82,2
DA:83,0
DA:84,239
DA:85,4
DA:86,3
DA:346,0
DA:348,0
DA:351,400004
DA:353,200002
DA:356,200002
DA:358,100001
DA:361,4
DA:363,2
DA:366,200002
DA:368,100001
DA:371,2
DA:373,1
DA:376,0
DA:378,0
DA:381,6
DA:383,3
DA:386,0
DA:388,0
DA:391,6
DA:393,3
DA:396,0
DA:398,0
DA:401,6
DA:403,3
DA:406,0
DA:408,0
DA:411,6
DA:413,3
DA:416,400006
DA:418,200003
DA:421,0
DA:423,0
DA:426,400006
DA:428,200003
DA:431,0
DA:433,0
DA:436,400006
DA:438,200003
DA:441,0
DA:443,0
DA:446,400014
DA:448,200007
DA:451,0
DA:453,0
DA:456,800010
DA:458,400005
DA:461,0
DA:463,0
DA:466,800010
DA:468,400005
DA:471,0
DA:473,0
DA:476,800010
DA:478,400005
DA:481,0
DA:483,0
DA:486,800010
DA:488,400005
DA:491,0
DA:493,0
DA:496,400006
DA:498,200003
DA:501,0
DA:503,0
DA:506,400006
DA:508,200003
DA:511,0
DA:513,0
DA:516,400006
DA:518,200003
DA:521,0
DA:523,0
DA:526,400006
DA:528,200003
DA:531,0
DA:533,0
DA:536,400006
DA:538,200003
DA:541,0
DA:543,0
DA:546,800010
DA:548,400005
DA:551,0
DA:553,0
DA:556,800010
DA:558,400005
DA:561,0
DA:563,0
DA:566,400006
DA:568,200003
DA:571,0
DA:573,0
DA:576,400006
DA:578,200003
DA:581,0
DA:583,0
DA:586,400006
DA:588,200003
DA:591,0
DA:593,0
DA:596,400006
DA:598,200003
DA:601,0
DA:603,0
DA:606,400006
DA:608,200003
DA:611,0
DA:613,0
DA:616,400006
DA:618,200003
DA:621,0
DA:623,0
DA:626,400006
DA:628,200003
DA:631,0
DA:633,0
DA:636,400006
DA:638,200003
DA:641,0
DA:643,0
DA:646,400006
DA:648,200003
DA:651,0
DA:653,0
DA:656,400006
DA:658,200003
DA:661,0
DA:663,0
DA:666,400006
DA:668,200003
DA:671,0
DA:673,0
DA:676,400006
DA:678,200003
DA:681,0
DA:683,0
DA:686,400006
DA:688,200003
DA:691,0
DA:693,0
DA:696,400006
DA:698,200003
DA:701,0
DA:703,0
DA:706,400006
DA:708,200003
DA:711,0
DA:713,0
DA:716,400006
DA:718,200003
DA:721,0
DA:723,0
DA:726,400006
DA:728,200003
DA:731,0
DA:733,0
DA:736,400006
DA:738,200003
DA:741,0
DA:743,0
DA:746,400006
DA:748,200003
DA:751,0
DA:753,0
DA:756,400006
DA:758,200003
DA:761,0
DA:763,0
DA:766,400006
DA:768,200003
DA:771,0
DA:773,0
DA:776,400006
DA:778,200003
DA:781,0
DA:783,0
DA:786,400014
DA:788,200007
DA:791,0
DA:793,0
DA:796,400014
DA:798,200007
DA:801,0
DA:803,0
DA:806,400014
DA:808,200007
DA:811,0
DA:813,0
DA:816,400014
DA:818,200007
DA:821,0
DA:823,0
DA:826,400014
DA:828,200007
DA:831,0
DA:833,0
DA:836,400014
DA:838,200007
DA:841,0
DA:843,0
DA:846,400014
DA:848,200007
DA:851,0
DA:853,0
DA:856,400014
DA:858,200007
DA:861,0
DA:863,0
DA:866,400014
DA:868,200007
DA:871,0
DA:873,0
DA:876,800018
DA:878,400009
DA:881,0
DA:883,0
DA:886,400014
DA:888,200007
DA:891,0
DA:893,0
DA:896,400014
DA:898,200007
DA:901,0
DA:903,0
DA:906,400014
DA:908,200007
DA:911,0
DA:913,0
DA:916,200002
DA:918,100001
DA:921,2
DA:923,1
DA:926,200002
DA:928,100001
DA:931,4
DA:933,2
DA:936,0
DA:938,0
DA:941,4
DA:943,2
DA:946,0
DA:948,0
DA:951,4
DA:953,2
DA:956,0
DA:958,0
DA:961,4
DA:963,2
DA:966,200002
DA:968,100001
DA:971,8
DA:973,4
DA:976,200002
DA:978,100001
DA:981,12
DA:983,6
DA:986,200002
DA:988,100001
DA:991,2
DA:993,1
DA:996,200002
DA:998,100001
DA:1001,2
DA:1003,1
DA:1006,200002
DA:1008,100001
DA:1011,2
DA:1013,1
DA:1016,200002
DA:1018,100001
DA:1021,2
DA:1023,1
DA:1026,200002
DA:1028,100001
DA:1031,2
DA:1033,1
DA:1036,200002
DA:1038,100001
DA:1041,2
DA:1043,1
DA:1046,200002
DA:1048,100001
DA:1051,2
DA:1053,1
DA:1056,200002
DA:1058,100001
DA:1061,2
DA:1063,1
DA:1066,200002
DA:1068,100001
DA:1071,2
DA:1073,1
DA:1076,200002
DA:1078,100001
DA:1081,2
DA:1083,1
DA:1086,200002
DA:1088,100001
DA:1091,2
DA:1093,1
DA:1096,200002
DA:1098,100001
DA:1101,2
DA:1103,1
DA:1106,200002
DA:1108,100001
DA:1111,2
DA:1113,1
DA:1116,200002
DA:1118,100001
DA:1121,2
DA:1123,1
DA:1126,200002
DA:1128,100001
DA:1131,2
DA:1133,1
DA:1136,200002
DA:1138,100001
DA:1141,2
DA:1143,1
DA:1146,200002
DA:1148,100001
DA:1151,2
DA:1153,1
DA:1156,200002
DA:1158,100001
DA:1161,2
DA:1163,1
DA:1166,400006
DA:1168,200003
DA:1171,0
DA:1173,0
DA:1176,400006
DA:1178,200003
DA:1181,0
DA:1183,0
DA:1188,2
DA:1189,1
DA:1190,1
end_of_record
